<?xml version="1.0" encoding="UTF-8"?>
<testsuite xmlns:xsi="http://www.w3.org/2001/XMLSchema-instance" xsi:noNamespaceSchemaLocation="https://maven.apache.org/surefire/maven-surefire-plugin/xsd/surefire-test-report-3.0.xsd" version="3.0" name="git.yannynz.newOnBoarding.NewOnBoardingApplicationTests" time="3.531" tests="1" errors="0" skipped="0" failures="0">
  <properties>
[...]
</properties>
  <testcase name="contextLoads" classname="git.yannynz.newOnBoarding.NewOnBoardingApplicationTests" time="0.333">
    <system-out><![CDATA[20:42:01.658 [main] INFO org.springframework.test.context.support.AnnotationConfigContextLoaderUtils -- Could not detect default configuration classes for test class [git.yannynz.newOnBoarding.NewOnBoardingApplicationTests]: NewOnBoardingApplicationTests does not declare any static, non-private, non-final, nested classes annotated with @Configuration.
20:42:01.725 [main] INFO org.springframework.boot.test.context.SpringBootTestContextBootstrapper -- Found @SpringBootConfiguration git.yannynz.newOnBoarding.NewOnBoardingApplication for test class git.yannynz.newOnBoarding.NewOnBoardingApplicationTests
20:42:01.819 [main] INFO org.springframework.boot.devtools.restart.RestartApplicationListener -- Restart disabled due to context in which it is running

  .   ____          _            __ _ _
 /\\ / ___'_ __ _ _(_)_ __  __ _ \ \ \ \
( ( )\___ | '_ | '_| | '_ \/ _` | \ \ \ \
 \\/  ___)| |_)| | | | | || (_| |  ) ) ) )
  '  |____| .__|_| |_|_| |_\__, | / / / /
 =========|_|==============|___/=/_/_/_/

 :: Spring Boot ::                (v3.3.2)

2024-08-23T20:42:02.022-03:00  INFO 27304 --- [           main] g.y.n.NewOnBoardingApplicationTests      : Starting NewOnBoardingApplicationTests using Java 22.0.2 with PID 27304 (started by yann in /home/yann/Documentos/newOnBoarding/newOnBoarding)
2024-08-23T20:42:02.024-03:00  INFO 27304 --- [           main] g.y.n.NewOnBoardingApplicationTests      : No active profile set, falling back to 1 default profile: "default"
2024-08-23T20:42:02.444-03:00  INFO 27304 --- [           main] .s.d.r.c.RepositoryConfigurationDelegate : Bootstrapping Spring Data JPA repositories in DEFAULT mode.
2024-08-23T20:42:02.478-03:00  INFO 27304 --- [           main] .s.d.r.c.RepositoryConfigurationDelegate : Finished Spring Data repository scanning in 29 ms. Found 2 JPA repository interfaces.
2024-08-23T20:42:02.786-03:00  INFO 27304 --- [           main] o.hibernate.jpa.internal.util.LogHelper  : HHH000204: Processing PersistenceUnitInfo [name: default]
2024-08-23T20:42:02.817-03:00  INFO 27304 --- [           main] org.hibernate.Version                    : HHH000412: Hibernate ORM core version 6.5.2.Final
2024-08-23T20:42:02.837-03:00  INFO 27304 --- [           main] o.h.c.internal.RegionFactoryInitiator    : HHH000026: Second-level cache disabled
2024-08-23T20:42:03.016-03:00  INFO 27304 --- [           main] o.s.o.j.p.SpringPersistenceUnitInfo      : No LoadTimeWeaver setup: ignoring JPA class transformer
2024-08-23T20:42:03.032-03:00  INFO 27304 --- [           main] com.zaxxer.hikari.HikariDataSource       : HikariPool-1 - Starting...
2024-08-23T20:42:03.336-03:00  INFO 27304 --- [           main] com.zaxxer.hikari.pool.HikariPool        : HikariPool-1 - Added connection org.postgresql.jdbc.PgConnection@315cf170
2024-08-23T20:42:03.337-03:00  INFO 27304 --- [           main] com.zaxxer.hikari.HikariDataSource       : HikariPool-1 - Start completed.
2024-08-23T20:42:03.832-03:00  INFO 27304 --- [           main] o.h.m.i.EntityInstantiatorPojoStandard   : HHH000182: No default (no-argument) constructor for class: git.yannynz.newOnBoarding.model.User (class must be instantiated by Interceptor)
2024-08-23T20:42:03.977-03:00  INFO 27304 --- [           main] o.h.e.t.j.p.i.JtaPlatformInitiator       : HHH000489: No JTA platform available (set 'hibernate.transaction.jta.platform' to enable JTA platform integration)
2024-08-23T20:42:04.017-03:00  INFO 27304 --- [           main] j.LocalContainerEntityManagerFactoryBean : Initialized JPA EntityManagerFactory for persistence unit 'default'
2024-08-23T20:42:04.245-03:00  WARN 27304 --- [           main] JpaBaseConfiguration$JpaWebConfiguration : spring.jpa.open-in-view is enabled by default. Therefore, database queries may be performed during view rendering. Explicitly configure spring.jpa.open-in-view to disable this warning
2024-08-23T20:42:04.261-03:00  WARN 27304 --- [           main] .s.s.UserDetailsServiceAutoConfiguration : 

Using generated security password: 7ef5a666-97e1-44d2-93cb-9a5e1e486dea

This generated password is for development use only. Your security configuration must be updated before running your application in production.

2024-08-23T20:42:04.270-03:00  INFO 27304 --- [           main] r$InitializeUserDetailsManagerConfigurer : Global AuthenticationManager configured with UserDetailsService bean with name inMemoryUserDetailsManager
2024-08-23T20:42:04.729-03:00  INFO 27304 --- [           main] g.y.n.NewOnBoardingApplicationTests      : Started NewOnBoardingApplicationTests in 2.917 seconds (process running for 3.554)
]]></system-out>
    <system-err><![CDATA[WARNING: A Java agent has been loaded dynamically (/home/yann/.m2/repository/net/bytebuddy/byte-buddy-agent/1.14.18/byte-buddy-agent-1.14.18.jar)
WARNING: If a serviceability tool is in use, please run with -XX:+EnableDynamicAgentLoading to hide this warning
WARNING: If a serviceability tool is not in use, please run with -Djdk.instrument.traceUsage for more information
WARNING: Dynamic loading of agents will be disallowed by default in a future release
]]></system-err>
  </testcase>
</testsuite>