<?xml version="1.0" encoding="UTF-8"?>
<testsuite xmlns:xsi="http://www.w3.org/2001/XMLSchema-instance"
           xsi:noNamespaceSchemaLocation="https://maven.apache.org/surefire/maven-surefire-plugin/xsd/surefire-test-report-3.0.xsd"
           version="3.0" name="git.yannynz.newOnBoarding.NewOnBoardingApplicationTests" time="15.158" tests="1"
           errors="0" skipped="0" failures="0">
    <properties>
[...]
</properties>
    <testcase name="contextLoads" classname="git.yannynz.newOnBoarding.NewOnBoardingApplicationTests" time="2.182">
        <system-out><![CDATA[20:30:19.766 [main] INFO org.springframework.test.context.support.AnnotationConfigContextLoaderUtils -- Could not detect default configuration classes for test class [git.yannynz.newOnBoarding.NewOnBoardingApplicationTests]: NewOnBoardingApplicationTests does not declare any static, non-private, non-final, nested classes annotated with @Configuration.
20:30:19.982 [main] INFO org.springframework.boot.test.context.SpringBootTestContextBootstrapper -- Found @SpringBootConfiguration git.yannynz.newOnBoarding.NewOnBoardingApplication for test class git.yannynz.newOnBoarding.NewOnBoardingApplicationTests
20:30:20.477 [main] INFO org.springframework.boot.devtools.restart.RestartApplicationListener -- Restart disabled due to context in which it is running

  .   ____          _            __ _ _
 /\\ / ___'_ __ _ _(_)_ __  __ _ \ \ \ \
( ( )\___ | '_ | '_| | '_ \/ _` | \ \ \ \
 \\/  ___)| |_)| | | | | || (_| |  ) ) ) )
  '  |____| .__|_| |_|_| |_\__, | / / / /
 =========|_|==============|___/=/_/_/_/

 :: Spring Boot ::                (v3.3.2)

2024-08-19T20:30:21.544-03:00  INFO 15417 --- [           main] g.y.n.NewOnBoardingApplicationTests      : Starting NewOnBoardingApplicationTests using Java 22.0.2 with PID 15417 (started by yann in /home/yann/Documentos/newOnBoarding)
2024-08-19T20:30:21.547-03:00  INFO 15417 --- [           main] g.y.n.NewOnBoardingApplicationTests      : No active profile set, falling back to 1 default profile: "default"
2024-08-19T20:30:23.776-03:00  INFO 15417 --- [           main] .s.d.r.c.RepositoryConfigurationDelegate : Bootstrapping Spring Data JPA repositories in DEFAULT mode.
2024-08-19T20:30:23.824-03:00  INFO 15417 --- [           main] .s.d.r.c.RepositoryConfigurationDelegate : Finished Spring Data repository scanning in 31 ms. Found 0 JPA repository interfaces.
2024-08-19T20:30:25.160-03:00  INFO 15417 --- [           main] o.hibernate.jpa.internal.util.LogHelper  : HHH000204: Processing PersistenceUnitInfo [name: default]
2024-08-19T20:30:25.337-03:00  INFO 15417 --- [           main] org.hibernate.Version                    : HHH000412: Hibernate ORM core version 6.5.2.Final
2024-08-19T20:30:25.435-03:00  INFO 15417 --- [           main] o.h.c.internal.RegionFactoryInitiator    : HHH000026: Second-level cache disabled
2024-08-19T20:30:26.451-03:00  INFO 15417 --- [           main] o.s.o.j.p.SpringPersistenceUnitInfo      : No LoadTimeWeaver setup: ignoring JPA class transformer
2024-08-19T20:30:26.481-03:00  WARN 15417 --- [           main] org.hibernate.orm.deprecation            : HHH90000021: Encountered deprecated setting [hibernate.temp.use_jdbc_metadata_defaults], use [hibernate.boot.allow_jdbc_metadata_access] instead
2024-08-19T20:30:26.524-03:00  WARN 15417 --- [           main] org.hibernate.orm.deprecation            : HHH90000025: PostgreSQLDialect does not need to be specified explicitly using 'hibernate.dialect' (remove the property setting and it will be selected by default)
2024-08-19T20:30:27.945-03:00  INFO 15417 --- [           main] o.h.e.t.j.p.i.JtaPlatformInitiator       : HHH000489: No JTA platform available (set 'hibernate.transaction.jta.platform' to enable JTA platform integration)
2024-08-19T20:30:27.965-03:00  INFO 15417 --- [           main] j.LocalContainerEntityManagerFactoryBean : Initialized JPA EntityManagerFactory for persistence unit 'default'
2024-08-19T20:30:29.072-03:00  WARN 15417 --- [           main] JpaBaseConfiguration$JpaWebConfiguration : spring.jpa.open-in-view is enabled by default. Therefore, database queries may be performed during view rendering. Explicitly configure spring.jpa.open-in-view to disable this warning
2024-08-19T20:30:31.626-03:00  WARN 15417 --- [           main] .s.s.UserDetailsServiceAutoConfiguration : 

Using generated security password: c2aa2be9-76fe-4952-bc70-0755245a7da8

This generated password is for development use only. Your security configuration must be updated before running your application in production.

2024-08-19T20:30:31.760-03:00  INFO 15417 --- [           main] r$InitializeUserDetailsManagerConfigurer : Global AuthenticationManager configured with UserDetailsService bean with name inMemoryUserDetailsManager
2024-08-19T20:30:32.295-03:00  INFO 15417 --- [           main] g.y.n.NewOnBoardingApplicationTests      : Started NewOnBoardingApplicationTests in 11.869 seconds (process running for 13.975)
]]></system-out>
        <system-err><![CDATA[WARNING: A Java agent has been loaded dynamically (/home/yann/.m2/repository/net/bytebuddy/byte-buddy-agent/1.14.18/byte-buddy-agent-1.14.18.jar)
WARNING: If a serviceability tool is in use, please run with -XX:+EnableDynamicAgentLoading to hide this warning
WARNING: If a serviceability tool is not in use, please run with -Djdk.instrument.traceUsage for more information
WARNING: Dynamic loading of agents will be disallowed by default in a future release
]]></system-err>
    </testcase>
</testsuite>